WisdomlifeStutio6.24/WisdomlifeStutio/app/build/outputs/logs/manifest-merger-release-report.txt
-- Merging decision tree log ---
manifest
ADDED from src/main/AndroidManifest.xml:2:1-436:12
	package
		ADDED from src/main/AndroidManifest.xml:4:5-33
		INJECTED from src/main/AndroidManifest.xml
		INJECTED from src/main/AndroidManifest.xml
	android:versionName
		INJECTED from src/main/AndroidManifest.xml
		INJECTED from src/main/AndroidManifest.xml
	xmlns:tools
		ADDED from src/main/AndroidManifest.xml:3:5-51
	xmlns:android
		ADDED from src/main/AndroidManifest.xml:2:11-69
	android:versionCode
		INJECTED from src/main/AndroidManifest.xml
		INJECTED from src/main/AndroidManifest.xml
supports-screens
ADDED from src/main/AndroidManifest.xml:6:5-190
	android:largeScreens
		ADDED from src/main/AndroidManifest.xml:6:49-76
	android:smallScreens
		ADDED from src/main/AndroidManifest.xml:6:132-159
	android:normalScreens
		ADDED from src/main/AndroidManifest.xml:6:77-105
	android:xlargeScreens
		ADDED from src/main/AndroidManifest.xml:6:160-188
	android:resizeable
		ADDED from src/main/AndroidManifest.xml:6:106-131
	android:anyDensity
		ADDED from src/main/AndroidManifest.xml:6:23-48
uses-permission#android.permission.INTERNET
ADDED from src/main/AndroidManifest.xml:9:5-66
	android:name
		ADDED from src/main/AndroidManifest.xml:9:22-64
uses-permission#android.permission.WRITE_EXTERNAL_STORAGE
ADDED from src/main/AndroidManifest.xml:11:5-80
MERGED from [:sdklibrary-release:] AndroidManifest.xml:11:5-81
	android:name
		ADDED from src/main/AndroidManifest.xml:11:22-78
uses-permission#android.permission.ACCESS_COARSE_LOCATION
ADDED from src/main/AndroidManifest.xml:13:5-80
	android:name
		ADDED from src/main/AndroidManifest.xml:13:22-78
uses-permission#android.permission.ACCESS_FINE_LOCATION
ADDED from src/main/AndroidManifest.xml:15:5-78
	android:name
		ADDED from src/main/AndroidManifest.xml:15:22-76
uses-permission#android.permission.ACCESS_MOCK_LOCATION
ADDED from src/main/AndroidManifest.xml:16:5-78
	android:name
		ADDED from src/main/AndroidManifest.xml:16:22-76
uses-permission#android.permission.ACCESS_NETWORK_STATE
ADDED from src/main/AndroidManifest.xml:18:5-78
	android:name
		ADDED from src/main/AndroidManifest.xml:18:22-76
uses-permission#android.permission.ACCESS_WIFI_STATE
ADDED from src/main/AndroidManifest.xml:20:5-75
	android:name
		ADDED from src/main/AndroidManifest.xml:20:22-73
uses-permission#android.permission.CHANGE_WIFI_STATE
ADDED from src/main/AndroidManifest.xml:22:5-75
	android:name
		ADDED from src/main/AndroidManifest.xml:22:22-73
uses-permission#android.permission.WAKE_LOCK
ADDED from src/main/AndroidManifest.xml:24:5-67
	android:name
		ADDED from src/main/AndroidManifest.xml:24:22-65
uses-permission#android.permission.VIBRATE
ADDED from src/main/AndroidManifest.xml:26:5-65
	android:name
		ADDED from src/main/AndroidManifest.xml:26:22-63
uses-permission#android.permission.CAMERA
ADDED from src/main/AndroidManifest.xml:28:5-64
	android:name
		ADDED from src/main/AndroidManifest.xml:28:22-62
uses-permission#android.permission.CALL_PHONE
ADDED from src/main/AndroidManifest.xml:30:5-68
	android:name
		ADDED from src/main/AndroidManifest.xml:30:22-66
uses-permission#android.permission.SEND_SMS
ADDED from src/main/AndroidManifest.xml:32:5-66
	android:name
		ADDED from src/main/AndroidManifest.xml:32:22-64
uses-permission#android.permission.READ_PHONE_STATE
ADDED from src/main/AndroidManifest.xml:34:5-74
MERGED from [:sdklibrary-release:] AndroidManifest.xml:12:5-75
	android:name
		ADDED from src/main/AndroidManifest.xml:34:22-72
uses-permission#android.permission.READ_CONTACTS
ADDED from src/main/AndroidManifest.xml:36:5-71
	android:name
		ADDED from src/main/AndroidManifest.xml:36:22-69
uses-permission#android.permission.WRITE_CONTACTS
ADDED from src/main/AndroidManifest.xml:38:5-72
	android:name
		ADDED from src/main/AndroidManifest.xml:38:22-70
uses-permission#android.permission.RECORD_AUDIO
ADDED from src/main/AndroidManifest.xml:40:5-70
	android:name
		ADDED from src/main/AndroidManifest.xml:40:22-68
uses-permission#android.permission.FLASHLIGHT
ADDED from src/main/AndroidManifest.xml:42:5-68
	android:name
		ADDED from src/main/AndroidManifest.xml:42:22-66
uses-permission#android.permission.READ_LOGS
ADDED from src/main/AndroidManifest.xml:44:5-67
	android:name
		ADDED from src/main/AndroidManifest.xml:44:22-65
uses-permission#android.permission.RECEIVE_BOOT_COMPLETED
ADDED from src/main/AndroidManifest.xml:46:5-80
	android:name
		ADDED from src/main/AndroidManifest.xml:46:22-78
uses-permission#android.permission.BLUETOOTH_ADMIN
ADDED from src/main/AndroidManifest.xml:48:5-73
MERGED from [WisdomlifeStutio:Topkeeper:unspecified] AndroidManifest.xml:16:5-74
	android:name
		ADDED from src/main/AndroidManifest.xml:48:22-71
uses-permission#android.permission.BLUETOOTH
ADDED from src/main/AndroidManifest.xml:50:5-67
MERGED from [WisdomlifeStutio:Topkeeper:unspecified] AndroidManifest.xml:15:5-68
	android:name
		ADDED from src/main/AndroidManifest.xml:50:22-65
uses-feature#android.hardware.camera
ADDED from src/main/AndroidManifest.xml:52:5-59
	android:name
		ADDED from src/main/AndroidManifest.xml:52:19-57
uses-feature#android.hardware.camera.autofocus
ADDED from src/main/AndroidManifest.xml:53:5-94
	android:required
		ADDED from src/main/AndroidManifest.xml:53:68-92
	android:name
		ADDED from src/main/AndroidManifest.xml:53:19-67
uses-permission#android.permission.DOWNLOAD_WITHOUT_NOTIFICATION
ADDED from src/main/AndroidManifest.xml:55:5-87
	android:name
		ADDED from src/main/AndroidManifest.xml:55:22-85
uses-feature#android.hardware.bluetooth_le
ADDED from src/main/AndroidManifest.xml:57:5-89
	android:required
		ADDED from src/main/AndroidManifest.xml:57:64-87
	android:name
		ADDED from src/main/AndroidManifest.xml:57:19-63
permission#com.z421614851.iga.permission.JPUSH_MESSAGE
ADDED from src/main/AndroidManifest.xml:59:5-113
	android:protectionLevel
		ADDED from src/main/AndroidManifest.xml:59:76-111
	android:name
		ADDED from src/main/AndroidManifest.xml:59:17-75
uses-permission#android.permission.READ_EXTERNAL_STORAGE
ADDED from src/main/AndroidManifest.xml:60:5-79
MERGED from [:sdklibrary-release:] AndroidManifest.xml:13:5-80
	android:name
		ADDED from src/main/AndroidManifest.xml:60:22-77
uses-permission#android.permission.GET_TASKS
ADDED from src/main/AndroidManifest.xml:61:5-67
	android:name
		ADDED from src/main/AndroidManifest.xml:61:22-65
uses-permission#android.permission.MOUNT_UNMOUNT_FILESYSTEMS
ADDED from src/main/AndroidManifest.xml:62:5-83
	android:name
		ADDED from src/main/AndroidManifest.xml:62:22-81
uses-permission#android.permission.WRITE_MEDIA_STORAGE
ADDED from src/main/AndroidManifest.xml:63:5-77
	android:name
		ADDED from src/main/AndroidManifest.xml:63:22-75
uses-permission#android.permission.MODIFY_AUDIO_SETTINGS
ADDED from src/main/AndroidManifest.xml:64:5-79
	android:name
		ADDED from src/main/AndroidManifest.xml:64:22-77
uses-permission#android.permission.RECEIVE_USER_PRESENT
ADDED from src/main/AndroidManifest.xml:65:5-78
	android:name
		ADDED from src/main/AndroidManifest.xml:65:22-76
uses-permission#android.permission.SYSTEM_ALERT_WINDOW
ADDED from src/main/AndroidManifest.xml:66:5-77
	android:name
		ADDED from src/main/AndroidManifest.xml:66:22-75
uses-permission#android.permission.WRITE_SETTINGS
ADDED from src/main/AndroidManifest.xml:67:5-72
	android:name
		ADDED from src/main/AndroidManifest.xml:67:22-70
uses-permission#android.permission.ACCESS_LOCATION_EXTRA_COMMANDS
ADDED from src/main/AndroidManifest.xml:68:5-88
	android:name
		ADDED from src/main/AndroidManifest.xml:68:22-86
uses-permission#android.permission.CHANGE_NETWORK_STATE
ADDED from src/main/AndroidManifest.xml:69:5-78
	android:name
		ADDED from src/main/AndroidManifest.xml:69:22-76
permission#com.z421614851.iga.permission.C2D_MESSAGE
ADDED from src/main/AndroidManifest.xml:76:5-78:47
	android:protectionLevel
		ADDED from src/main/AndroidManifest.xml:78:9-44
	android:name
		ADDED from src/main/AndroidManifest.xml:77:9-65
uses-permission#com.z421614851.iga.permission.JPUSH_MESSAGE
ADDED from src/main/AndroidManifest.xml:79:5-83
	android:name
		ADDED from src/main/AndroidManifest.xml:79:22-80
uses-permission#com.z421614851.iga.permission.C2D_MESSAGE
ADDED from src/main/AndroidManifest.xml:80:5-81
	android:name
		ADDED from src/main/AndroidManifest.xml:80:22-78
uses-permission#com.google.android.c2dm.permission.RECEIVE
ADDED from src/main/AndroidManifest.xml:82:5-82
	android:name
		ADDED from src/main/AndroidManifest.xml:82:22-79
uses-permission#android.permission.DISABLE_KEYGUARD
ADDED from src/main/AndroidManifest.xml:83:5-75
	android:name
		ADDED from src/main/AndroidManifest.xml:83:22-72
uses-permission#android.permission.PROCESS_OUTGOING_CALLS
ADDED from src/main/AndroidManifest.xml:84:5-81
	android:name
		ADDED from src/main/AndroidManifest.xml:84:22-78
uses-feature#android.hardware.telephony
ADDED from src/main/AndroidManifest.xml:87:5-89:36
	android:required
		ADDED from src/main/AndroidManifest.xml:89:9-33
	android:name
		ADDED from src/main/AndroidManifest.xml:88:9-50
uses-permission#android.permission.BROADCAST_STICKY
ADDED from src/main/AndroidManifest.xml:91:5-75
	android:name
		ADDED from src/main/AndroidManifest.xml:91:22-72
uses-permission#android.permission.GET_ACCOUNTS
ADDED from src/main/AndroidManifest.xml:93:5-71
	android:name
		ADDED from src/main/AndroidManifest.xml:93:22-68
uses-permission#android.permission.CHANGE_WIFI_MULTICAST_STATE
ADDED from src/main/AndroidManifest.xml:94:5-86
	android:name
		ADDED from src/main/AndroidManifest.xml:94:22-83
uses-permission#android.permission.READ_SYNC_SETTINGS
ADDED from src/main/AndroidManifest.xml:95:5-77
	android:name
		ADDED from src/main/AndroidManifest.xml:95:22-74
uses-permission#android.permission.WRITE_SYNC_SETTINGS
ADDED from src/main/AndroidManifest.xml:96:5-78
	android:name
		ADDED from src/main/AndroidManifest.xml:96:22-75
uses-permission#android.permission.AUTHENTICATE_ACCOUNTS
ADDED from src/main/AndroidManifest.xml:97:5-80
	android:name
		ADDED from src/main/AndroidManifest.xml:97:22-77
application
ADDED from src/main/AndroidManifest.xml:100:5-434:19
MERGED from [WisdomlifeStutio:Topkeeper:unspecified] AndroidManifest.xml:18:5-346:19
MERGED from [com.android.support:appcompat-v7:25.3.0] AndroidManifest.xml:29:5-20
MERGED from [com.android.support:animated-vector-drawable:25.3.0] AndroidManifest.xml:26:5-20
MERGED from [com.android.support:support-vector-drawable:25.3.0] AndroidManifest.xml:26:5-20
MERGED from [com.android.support:support-v4:25.3.0] AndroidManifest.xml:29:5-20
MERGED from [com.android.support:support-fragment:25.3.0] AndroidManifest.xml:29:5-20
MERGED from [com.android.support:support-media-compat:25.3.0] AndroidManifest.xml:29:5-20
MERGED from [com.android.support:support-core-ui:25.3.0] AndroidManifest.xml:29:5-20
MERGED from [com.android.support:support-core-utils:25.3.0] AndroidManifest.xml:29:5-20
MERGED from [com.android.support:percent:25.3.0] AndroidManifest.xml:26:5-20
MERGED from [com.android.support:support-compat:25.3.0] AndroidManifest.xml:29:5-20
MERGED from [com.android.support.constraint:constraint-layout:1.0.0-alpha8] AndroidManifest.xml:9:5-20
	android:label
		ADDED from src/main/AndroidManifest.xml:104:9-41
	android:hardwareAccelerated
		ADDED from src/main/AndroidManifest.xml:102:9-43
	android:debuggable
		ADDED from src/main/AndroidManifest.xml:101:9-35
	android:allowBackup
		ADDED from src/main/AndroidManifest.xml:100:18-45
	android:icon
		ADDED from src/main/AndroidManifest.xml:103:9-44
	android:largeHeap
		ADDED from src/main/AndroidManifest.xml:105:9-33
	tools:replace
		ADDED from src/main/AndroidManifest.xml:107:9-103
	android:name
		ADDED from src/main/AndroidManifest.xml:106:9-53
		REJECTED from [WisdomlifeStutio:Topkeeper:unspecified] AndroidManifest.xml:18:18-82
meta-data#uz_version
ADDED from src/main/AndroidManifest.xml:108:9-70
	android:value
		ADDED from src/main/AndroidManifest.xml:108:46-68
	android:name
		ADDED from src/main/AndroidManifest.xml:108:20-45
activity#com.sdk.samples.MainActivity
ADDED from src/main/AndroidManifest.xml:110:9-121:20
	android:screenOrientation
		ADDED from src/main/AndroidManifest.xml:114:13-49
	android:label
		ADDED from src/main/AndroidManifest.xml:112:13-45
	android:launchMode
		ADDED from src/main/AndroidManifest.xml:113:13-44
	android:windowSoftInputMode
		ADDED from src/main/AndroidManifest.xml:116:13-59
	android:theme
		ADDED from src/main/AndroidManifest.xml:115:13-44
	android:name
		ADDED from src/main/AndroidManifest.xml:111:13-56
activity#com.sdk.samples.apicloud.SplashActivity
ADDED from src/main/AndroidManifest.xml:123:9-132:20
	android:screenOrientation
		ADDED from src/main/AndroidManifest.xml:125:13-49
	android:label
		ADDED from src/main/AndroidManifest.xml:124:13-45
	android:windowSoftInputMode
		ADDED from src/main/AndroidManifest.xml:127:13-59
	android:theme
		ADDED from src/main/AndroidManifest.xml:126:13-44
	android:name
		ADDED from src/main/AndroidManifest.xml:123:19-73
intent-filter#android.intent.action.MAIN+android.intent.category.LAUNCHER
ADDED from src/main/AndroidManifest.xml:128:13-131:29
action#android.intent.action.MAIN
ADDED from src/main/AndroidManifest.xml:129:17-68
	android:name
		ADDED from src/main/AndroidManifest.xml:129:25-66
category#android.intent.category.LAUNCHER
ADDED from src/main/AndroidManifest.xml:130:17-76
	android:name
		ADDED from src/main/AndroidManifest.xml:130:27-74
activity#com.sdk.samples.apicloud.WebPageModule
ADDED from src/main/AndroidManifest.xml:134:9-146:20
	android:screenOrientation
		ADDED from src/main/AndroidManifest.xml:138:13-49
	android:label
		ADDED from src/main/AndroidManifest.xml:136:13-45
	android:launchMode
		ADDED from src/main/AndroidManifest.xml:137:13-44
	android:windowSoftInputMode
		ADDED from src/main/AndroidManifest.xml:140:13-59
	android:theme
		ADDED from src/main/AndroidManifest.xml:139:13-44
	android:name
		ADDED from src/main/AndroidManifest.xml:135:13-66
activity#com.uzmap.pkg.EntranceActivity
ADDED from src/main/AndroidManifest.xml:147:9-152:20
	android:screenOrientation
		ADDED from src/main/AndroidManifest.xml:147:240-276
	android:label
		ADDED from src/main/AndroidManifest.xml:147:129-161
	android:launchMode
		ADDED from src/main/AndroidManifest.xml:147:162-193
	android:windowSoftInputMode
		ADDED from src/main/AndroidManifest.xml:147:309-355
	android:configChanges
		ADDED from src/main/AndroidManifest.xml:147:19-128
	android:theme
		ADDED from src/main/AndroidManifest.xml:147:277-308
	android:name
		ADDED from src/main/AndroidManifest.xml:147:194-239
provider#com.uzmap.pkg.uzapp.UProvider
ADDED from src/main/AndroidManifest.xml:153:3-149
	android:authorities
		ADDED from src/main/AndroidManifest.xml:153:13-56
	android:label
		ADDED from src/main/AndroidManifest.xml:153:82-102
	android:exported
		ADDED from src/main/AndroidManifest.xml:153:57-81
	android:name
		ADDED from src/main/AndroidManifest.xml:153:103-147
service#com.uzmap.pkg.uzsocket.UPnsService
ADDED from src/main/AndroidManifest.xml:154:9-139
	android:enabled
		ADDED from src/main/AndroidManifest.xml:154:18-40
	android:process
		ADDED from src/main/AndroidManifest.xml:154:112-137
	android:label
		ADDED from src/main/AndroidManifest.xml:154:41-61
	android:name
		ADDED from src/main/AndroidManifest.xml:154:62-111
receiver#com.uzmap.pkg.uzapp.UPExtraBridge
ADDED from src/main/AndroidManifest.xml:155:9-175:20
	android:enabled
		ADDED from src/main/AndroidManifest.xml:155:19-41
	android:process
		ADDED from src/main/AndroidManifest.xml:155:112-137
	android:label
		ADDED from src/main/AndroidManifest.xml:155:42-62
	android:name
		ADDED from src/main/AndroidManifest.xml:155:63-111
intent-filter#android.intent.action.BOOT_COMPLETED+android.net.conn.CONNECTIVITY_CHANGE
ADDED from src/main/AndroidManifest.xml:156:10-159:29
action#android.intent.action.BOOT_COMPLETED
ADDED from src/main/AndroidManifest.xml:157:17-78
	android:name
		ADDED from src/main/AndroidManifest.xml:157:25-76
action#android.net.conn.CONNECTIVITY_CHANGE
ADDED from src/main/AndroidManifest.xml:158:17-78
	android:name
		ADDED from src/main/AndroidManifest.xml:158:25-76
intent-filter#android.intent.action.PACKAGE_ADDED+android.intent.action.PACKAGE_REMOVED
ADDED from src/main/AndroidManifest.xml:160:13-164:29
action#android.intent.action.PACKAGE_REMOVED
ADDED from src/main/AndroidManifest.xml:161:17-79
	android:name
		ADDED from src/main/AndroidManifest.xml:161:25-77
action#android.intent.action.PACKAGE_ADDED
ADDED from src/main/AndroidManifest.xml:162:17-77
	android:name
		ADDED from src/main/AndroidManifest.xml:162:25-75
data
ADDED from src/main/AndroidManifest.xml:163:17-49
	android:scheme
		ADDED from src/main/AndroidManifest.xml:163:23-47
intent-filter#com.android.vending.INSTALL_REFERRER
ADDED from src/main/AndroidManifest.xml:165:13-167:28
action#com.android.vending.INSTALL_REFERRER
ADDED from src/main/AndroidManifest.xml:166:14-75
	android:name
		ADDED from src/main/AndroidManifest.xml:166:22-73
intent-filter#android.intent.action.DOWNLOAD_COMPLETE+android.intent.action.DOWNLOAD_NOTIFICATION_CLICKED
ADDED from src/main/AndroidManifest.xml:168:12-171:29
action#android.intent.action.DOWNLOAD_COMPLETE
ADDED from src/main/AndroidManifest.xml:169:17-81
	android:name
		ADDED from src/main/AndroidManifest.xml:169:25-79
action#android.intent.action.DOWNLOAD_NOTIFICATION_CLICKED
ADDED from src/main/AndroidManifest.xml:170:17-93
	android:name
		ADDED from src/main/AndroidManifest.xml:170:25-91
intent-filter#android.intent.apicloud.notification
ADDED from src/main/AndroidManifest.xml:172:4-174:29
action#android.intent.apicloud.notification
ADDED from src/main/AndroidManifest.xml:173:17-78
	android:name
		ADDED from src/main/AndroidManifest.xml:173:25-76
activity#cn.jpush.android.ui.PushActivity
ADDED from src/main/AndroidManifest.xml:177:1-183:20
	android:configChanges
		ADDED from src/main/AndroidManifest.xml:177:11-61
	android:theme
		ADDED from src/main/AndroidManifest.xml:177:110-169
	android:name
		ADDED from src/main/AndroidManifest.xml:177:62-109
intent-filter#android.intent.category.DEFAULT+cn.jpush.android.ui.PushActivity+com.z421614851.iga
ADDED from src/main/AndroidManifest.xml:178:13-182:29
action#cn.jpush.android.ui.PushActivity
ADDED from src/main/AndroidManifest.xml:179:17-74
	android:name
		ADDED from src/main/AndroidManifest.xml:179:25-72
category#android.intent.category.DEFAULT
ADDED from src/main/AndroidManifest.xml:180:17-75
	android:name
		ADDED from src/main/AndroidManifest.xml:180:27-73
category#com.z421614851.iga
ADDED from src/main/AndroidManifest.xml:181:17-62
	android:name
		ADDED from src/main/AndroidManifest.xml:181:27-60
activity#cn.jpush.android.ui.PopWinActivity
ADDED from src/main/AndroidManifest.xml:184:2-185:20
	android:exported
		ADDED from src/main/AndroidManifest.xml:184:12-36
	android:theme
		ADDED from src/main/AndroidManifest.xml:184:87-146
	android:name
		ADDED from src/main/AndroidManifest.xml:184:37-86
activity#com.alipay.android.app.sdk.WapPayActivity
ADDED from src/main/AndroidManifest.xml:186:9-187:20
	android:screenOrientation
		ADDED from src/main/AndroidManifest.xml:186:76-112
	android:name
		ADDED from src/main/AndroidManifest.xml:186:19-75
activity#com.alipay.sdk.app.H5PayActivity
ADDED from src/main/AndroidManifest.xml:188:9-189:20
	android:screenOrientation
		ADDED from src/main/AndroidManifest.xml:188:154-188
	android:exported
		ADDED from src/main/AndroidManifest.xml:188:81-105
	android:windowSoftInputMode
		ADDED from src/main/AndroidManifest.xml:188:189-243
	android:configChanges
		ADDED from src/main/AndroidManifest.xml:188:19-80
	android:name
		ADDED from src/main/AndroidManifest.xml:188:106-153
activity#com.uzmap.pkg.uzmodules.uzFNScanner.Zxing.CaptureActivity
ADDED from src/main/AndroidManifest.xml:193:1-194:14
	android:windowSoftInputMode
		ADDED from src/main/AndroidManifest.xml:193:143-190
	android:theme
		ADDED from src/main/AndroidManifest.xml:193:84-142
	android:name
		ADDED from src/main/AndroidManifest.xml:193:11-83
activity#com.uzmap.pkg.uzmodules.uzimageBrowser.activity.GalleryActivity
ADDED from src/main/AndroidManifest.xml:196:1-225
	android:screenOrientation
		ADDED from src/main/AndroidManifest.xml:196:133-169
	android:configChanges
		ADDED from src/main/AndroidManifest.xml:196:11-53
	android:theme
		ADDED from src/main/AndroidManifest.xml:196:170-223
	android:name
		ADDED from src/main/AndroidManifest.xml:196:54-132
activity#com.uzmap.pkg.uzmodules.uzimageBrowser.activity.ImageActivity
ADDED from src/main/AndroidManifest.xml:197:1-223
	android:screenOrientation
		ADDED from src/main/AndroidManifest.xml:197:131-167
	android:configChanges
		ADDED from src/main/AndroidManifest.xml:197:11-53
	android:theme
		ADDED from src/main/AndroidManifest.xml:197:168-221
	android:name
		ADDED from src/main/AndroidManifest.xml:197:54-130
activity#com.apicloud.movies.MyActivity
ADDED from src/main/AndroidManifest.xml:199:1-200:20
	android:screenOrientation
		ADDED from src/main/AndroidManifest.xml:199:57-94
	android:name
		ADDED from src/main/AndroidManifest.xml:199:11-56
activity#com.tencent.connect.common.AssistActivity
ADDED from src/main/AndroidManifest.xml:202:1-166
	android:screenOrientation
		ADDED from src/main/AndroidManifest.xml:202:68-104
	android:theme
		ADDED from src/main/AndroidManifest.xml:202:105-164
	android:name
		ADDED from src/main/AndroidManifest.xml:202:11-67
activity#com.uzmap.pkg.uzmodules.uzqq.QQLoginAct
ADDED from src/main/AndroidManifest.xml:203:1-164
	android:screenOrientation
		ADDED from src/main/AndroidManifest.xml:203:66-102
	android:theme
		ADDED from src/main/AndroidManifest.xml:203:103-162
	android:name
		ADDED from src/main/AndroidManifest.xml:203:11-65
activity#com.tencent.tauth.AuthActivity
ADDED from src/main/AndroidManifest.xml:204:1-213:14
	android:launchMode
		ADDED from src/main/AndroidManifest.xml:204:11-42
	android:noHistory
		ADDED from src/main/AndroidManifest.xml:204:89-113
	android:name
		ADDED from src/main/AndroidManifest.xml:204:43-88
intent-filter#android.intent.action.VIEW+android.intent.category.BROWSABLE+android.intent.category.DEFAULT
ADDED from src/main/AndroidManifest.xml:205:4-212:20
action#android.intent.action.VIEW
ADDED from src/main/AndroidManifest.xml:206:5-56
	android:name
		ADDED from src/main/AndroidManifest.xml:206:13-54
category#android.intent.category.BROWSABLE
ADDED from src/main/AndroidManifest.xml:209:5-65
	android:name
		ADDED from src/main/AndroidManifest.xml:209:15-63
activity#com.uzmap.pkg.uzmodules.uzScanner.Zxing.CaptureActivity
ADDED from src/main/AndroidManifest.xml:215:1-216:14
	android:screenOrientation
		ADDED from src/main/AndroidManifest.xml:215:133-169
	android:windowSoftInputMode
		ADDED from src/main/AndroidManifest.xml:215:229-276
	android:configChanges
		ADDED from src/main/AndroidManifest.xml:215:11-61
	android:theme
		ADDED from src/main/AndroidManifest.xml:215:170-228
	android:name
		ADDED from src/main/AndroidManifest.xml:215:62-132
activity#com.uzmap.pkg.uzmodules.UIMediaScanner.UzImgsActivity
ADDED from src/main/AndroidManifest.xml:218:1-81
	android:name
		ADDED from src/main/AndroidManifest.xml:218:11-79
activity#com.uzmap.pkg.uzmodules.UIMediaScanner.UzImgFileListActivity
ADDED from src/main/AndroidManifest.xml:219:1-88
	android:name
		ADDED from src/main/AndroidManifest.xml:219:11-86
activity#com.uzmap.pkg.uzmodules.UIMediaScanner.PhotoBrowser
ADDED from src/main/AndroidManifest.xml:220:1-79
	android:name
		ADDED from src/main/AndroidManifest.xml:220:11-77
activity#com.tencent.smtt.sdk.VideoActivity
ADDED from src/main/AndroidManifest.xml:221:1-226:13
	android:launchMode
		ADDED from src/main/AndroidManifest.xml:221:135-166
	android:exported
		ADDED from src/main/AndroidManifest.xml:221:110-134
	android:configChanges
		ADDED from src/main/AndroidManifest.xml:221:48-109
	android:alwaysRetainTaskState
		ADDED from src/main/AndroidManifest.xml:221:11-47
	android:name
		ADDED from src/main/AndroidManifest.xml:221:167-216
intent-filter#android.intent.category.DEFAULT+com.tencent.smtt.tbs.video.PLAY
ADDED from src/main/AndroidManifest.xml:222:3-225:19
action#com.tencent.smtt.tbs.video.PLAY
ADDED from src/main/AndroidManifest.xml:223:4-60
	android:name
		ADDED from src/main/AndroidManifest.xml:223:12-58
activity#com.uzmap.pkg.uzmodules.browser.BrowserActivity
ADDED from src/main/AndroidManifest.xml:228:1-307
	android:exported
		ADDED from src/main/AndroidManifest.xml:228:158-182
	android:configChanges
		ADDED from src/main/AndroidManifest.xml:228:48-157
	android:alwaysRetainTaskState
		ADDED from src/main/AndroidManifest.xml:228:11-47
	android:theme
		ADDED from src/main/AndroidManifest.xml:228:246-305
	android:name
		ADDED from src/main/AndroidManifest.xml:228:183-245
activity#com.sina.weibo.sdk.component.WeiboSdkBrowser
ADDED from src/main/AndroidManifest.xml:229:1-230:20
	android:exported
		ADDED from src/main/AndroidManifest.xml:229:62-86
	android:windowSoftInputMode
		ADDED from src/main/AndroidManifest.xml:229:147-189
	android:configChanges
		ADDED from src/main/AndroidManifest.xml:229:11-61
	android:name
		ADDED from src/main/AndroidManifest.xml:229:87-146
activity#com.uzmap.pkg.uzmodules.uzSina.activity.WBAuthActivity
ADDED from src/main/AndroidManifest.xml:232:1-233:20
	android:windowSoftInputMode
		ADDED from src/main/AndroidManifest.xml:232:191-238
	android:configChanges
		ADDED from src/main/AndroidManifest.xml:232:11-61
	android:theme
		ADDED from src/main/AndroidManifest.xml:232:132-190
	android:name
		ADDED from src/main/AndroidManifest.xml:232:62-131
activity#com.uzmap.pkg.uzmodules.uzSina.activity.WBShareActivity
ADDED from src/main/AndroidManifest.xml:235:1-241:20
	android:theme
		ADDED from src/main/AndroidManifest.xml:235:82-141
	android:name
		ADDED from src/main/AndroidManifest.xml:235:11-81
intent-filter#android.intent.category.DEFAULT+com.sina.weibo.sdk.action.ACTION_SDK_REQ_ACTIVITY
ADDED from src/main/AndroidManifest.xml:236:13-240:29
action#com.sina.weibo.sdk.action.ACTION_SDK_REQ_ACTIVITY
ADDED from src/main/AndroidManifest.xml:237:17-91
	android:name
		ADDED from src/main/AndroidManifest.xml:237:25-89
service#cn.jpush.android.service.DownloadService
ADDED from src/main/AndroidManifest.xml:244:1-245:19
	android:enabled
		ADDED from src/main/AndroidManifest.xml:244:10-32
	android:exported
		ADDED from src/main/AndroidManifest.xml:244:33-57
	android:name
		ADDED from src/main/AndroidManifest.xml:244:58-113
service#cn.jpush.android.service.PushService
ADDED from src/main/AndroidManifest.xml:247:1-255:19
	android:enabled
		ADDED from src/main/AndroidManifest.xml:247:10-32
	android:process
		ADDED from src/main/AndroidManifest.xml:247:110-135
	android:exported
		ADDED from src/main/AndroidManifest.xml:247:33-57
	android:name
		ADDED from src/main/AndroidManifest.xml:247:58-109
intent-filter#cn.jpush.android.intent.PUSH_TIME+cn.jpush.android.intent.PushService+cn.jpush.android.intent.REGISTER+cn.jpush.android.intent.REPORT
ADDED from src/main/AndroidManifest.xml:248:13-254:29
action#cn.jpush.android.intent.REGISTER
ADDED from src/main/AndroidManifest.xml:249:17-74
	android:name
		ADDED from src/main/AndroidManifest.xml:249:25-72
action#cn.jpush.android.intent.REPORT
ADDED from src/main/AndroidManifest.xml:250:17-72
	android:name
		ADDED from src/main/AndroidManifest.xml:250:25-70
action#cn.jpush.android.intent.PushService
ADDED from src/main/AndroidManifest.xml:251:17-77
	android:name
		ADDED from src/main/AndroidManifest.xml:251:25-75
action#cn.jpush.android.intent.PUSH_TIME
ADDED from src/main/AndroidManifest.xml:252:17-75
	android:name
		ADDED from src/main/AndroidManifest.xml:252:25-73
service#cn.jpush.android.service.DaemonService
ADDED from src/main/AndroidManifest.xml:257:1-262:19
	android:enabled
		ADDED from src/main/AndroidManifest.xml:257:10-32
	android:exported
		ADDED from src/main/AndroidManifest.xml:257:33-56
	android:name
		ADDED from src/main/AndroidManifest.xml:257:57-110
intent-filter#cn.jpush.android.intent.DaemonService+com.z421614851.iga
ADDED from src/main/AndroidManifest.xml:258:13-261:29
action#cn.jpush.android.intent.DaemonService
ADDED from src/main/AndroidManifest.xml:259:17-79
	android:name
		ADDED from src/main/AndroidManifest.xml:259:25-77
service#com.baidu.location.f
ADDED from src/main/AndroidManifest.xml:264:1-96
	android:enabled
		ADDED from src/main/AndroidManifest.xml:264:10-32
	android:process
		ADDED from src/main/AndroidManifest.xml:264:69-94
	android:name
		ADDED from src/main/AndroidManifest.xml:264:33-68
service#com.intelligoo.sdk.BluetoothLeService
ADDED from src/main/AndroidManifest.xml:265:1-87
	android:enabled
		ADDED from src/main/AndroidManifest.xml:265:10-32
	android:name
		ADDED from src/main/AndroidManifest.xml:265:33-85
service#io.rong.imlib.ipc.RongService
ADDED from src/main/AndroidManifest.xml:266:1-103
	android:process
		ADDED from src/main/AndroidManifest.xml:266:79-101
	android:exported
		ADDED from src/main/AndroidManifest.xml:266:10-33
	android:name
		ADDED from src/main/AndroidManifest.xml:266:34-78
service#io.rong.imlib.ReConnectService
ADDED from src/main/AndroidManifest.xml:267:1-81
	android:exported
		ADDED from src/main/AndroidManifest.xml:267:10-33
	android:name
		ADDED from src/main/AndroidManifest.xml:267:34-79
service#io.rong.push.core.PushRegistrationService
ADDED from src/main/AndroidManifest.xml:268:1-269:19
	android:exported
		ADDED from src/main/AndroidManifest.xml:268:10-34
	android:name
		ADDED from src/main/AndroidManifest.xml:268:35-91
service#io.rong.push.core.MessageHandleService
ADDED from src/main/AndroidManifest.xml:271:1-272:19
	android:exported
		ADDED from src/main/AndroidManifest.xml:271:10-33
	android:name
		ADDED from src/main/AndroidManifest.xml:271:34-87
service#io.rong.push.PushService
ADDED from src/main/AndroidManifest.xml:274:1-275:19
	android:process
		ADDED from src/main/AndroidManifest.xml:274:74-104
	android:exported
		ADDED from src/main/AndroidManifest.xml:274:10-33